c:\users\aliga\git repos\inf1015\qtwidgetsapplication2\x64\debug\vc143.pdb
c:\users\aliga\git repos\inf1015\qtwidgetsapplication2\x64\debug\qrc_qtwidgetsapplication2.obj
c:\users\aliga\git repos\inf1015\qtwidgetsapplication2\x64\debug\chesswindow.obj
c:\users\aliga\git repos\inf1015\qtwidgetsapplication2\x64\debug\main.obj
c:\users\aliga\git repos\inf1015\qtwidgetsapplication2\x64\debug\piece.obj
c:\users\aliga\git repos\inf1015\qtwidgetsapplication2\x64\debug\uic\ui_qtwidgetsapplication2.h
c:\users\aliga\git repos\inf1015\qtwidgetsapplication2\x64\debug\rcc\qrc_qtwidgetsapplication2.cpp
c:\users\aliga\git repos\inf1015\qtwidgetsapplication2\x64\debug\echecsprojet.exe
c:\users\aliga\git repos\inf1015\qtwidgetsapplication2\x64\debug\echecsprojet.ilk
c:\users\aliga\git repos\inf1015\qtwidgetsapplication2\x64\debug\echecsprojet.pdb
c:\users\aliga\git repos\inf1015\qtwidgetsapplication2\x64\debug\moc_qtwidgetsapplication2.obj
c:\users\aliga\git repos\inf1015\qtwidgetsapplication2\x64\debug\qtwidgetsapplication2.obj
c:\users\aliga\git repos\inf1015\qtwidgetsapplication2\x64\debug\qtwidgetsapplication2.ilk
c:\users\aliga\git repos\inf1015\qtwidgetsapplication2\x64\debug\qtwidgetsapplication2.pdb
c:\users\aliga\git repos\inf1015\qtwidgetsapplication2\x64\debug\echecsprojet.tlog\cl.command.1.tlog
c:\users\aliga\git repos\inf1015\qtwidgetsapplication2\x64\debug\echecsprojet.tlog\cl.read.1.tlog
c:\users\aliga\git repos\inf1015\qtwidgetsapplication2\x64\debug\echecsprojet.tlog\cl.write.1.tlog
c:\users\aliga\git repos\inf1015\qtwidgetsapplication2\x64\debug\echecsprojet.tlog\echecsprojet.write.1u.tlog
c:\users\aliga\git repos\inf1015\qtwidgetsapplication2\x64\debug\echecsprojet.tlog\link.command.1.tlog
c:\users\aliga\git repos\inf1015\qtwidgetsapplication2\x64\debug\echecsprojet.tlog\link.read.1.tlog
c:\users\aliga\git repos\inf1015\qtwidgetsapplication2\x64\debug\echecsprojet.tlog\link.write.1.tlog
